  assignment01.cpp
c:\users\monica\onedrive\cs235ben\assign01\assign01\vector.h(42): warning C4290: C++ exception specification ignored except to indicate a function is not __declspec(nothrow)
  c:\users\monica\onedrive\cs235ben\assign01\assign01\vector.h(91): note: see reference to class template instantiation 'custom::vector<T>' being compiled
c:\users\monica\onedrive\cs235ben\assign01\assign01\vector.h(43): warning C4290: C++ exception specification ignored except to indicate a function is not __declspec(nothrow)
c:\users\monica\onedrive\cs235ben\assign01\assign01\vector.h(45): warning C4290: C++ exception specification ignored except to indicate a function is not __declspec(nothrow)
c:\users\monica\onedrive\cs235ben\assign01\assign01\vector.h(64): warning C4290: C++ exception specification ignored except to indicate a function is not __declspec(nothrow)
c:\users\monica\onedrive\cs235ben\assign01\assign01\vector.h(69): warning C4290: C++ exception specification ignored except to indicate a function is not __declspec(nothrow)
c:\users\monica\onedrive\cs235ben\assign01\assign01\vector.h(240): warning C4290: C++ exception specification ignored except to indicate a function is not __declspec(nothrow)
c:\users\monica\onedrive\cs235ben\assign01\assign01\vector.h(276): warning C4290: C++ exception specification ignored except to indicate a function is not __declspec(nothrow)
c:\users\monica\onedrive\cs235ben\assign01\assign01\vector.h(311): warning C4290: C++ exception specification ignored except to indicate a function is not __declspec(nothrow)
c:\users\monica\onedrive\cs235ben\assign01\assign01\assignment01.cpp(313): warning C4305: 'argument': truncation from 'double' to 'const T'
          with
          [
              T=float
          ]
c:\users\monica\onedrive\cs235ben\assign01\assign01\assignment01.cpp(314): warning C4305: 'argument': truncation from 'double' to 'const T'
          with
          [
              T=float
          ]
c:\users\monica\onedrive\cs235ben\assign01\assign01\assignment01.cpp(339): warning C4305: '=': truncation from 'double' to 'T'
          with
          [
              T=float
          ]
c:\users\monica\onedrive\cs235ben\assign01\assign01\assignment01.cpp(350): warning C4305: '=': truncation from 'double' to 'T'
          with
          [
              T=float
          ]
  assign01.vcxproj -> C:\Users\Monica\OneDrive\CS235ben\assign01\Debug\assign01.exe
